1月25日11:28:3:578,ad1,-0.0047473,1.872595,-9.653313,0.01335964,0.9404925,leftEye,0.2053665,-0.7778332,rightEye,0.1431764,-0.7829612
1月25日11:28:3:835,ad1,-0.003931003,1.875534,-9.644732,0.01203839,0.9364579,leftEye,0.1850419,-0.756487,rightEye,0.1321628,-0.7683809
1月25日11:28:6:24,ad1,0.05464963,1.883928,-9.602854,0.01515193,0.9548527,leftEye,0,0,rightEye,-0.1397838,0.3737991
1月25日11:28:6:536,ad1,0.05362481,1.88463,-9.596066,0.01998132,0.9653755,leftEye,0,0,rightEye,-0.04977983,0.45196
1月25日11:28:20:322,ad1,-0.001059821,1.854737,-9.475881,0.04325934,-0.7157073,leftEye,0.178141,-0.7063025,rightEye,0.2115704,-0.7993748
1月25日11:28:20:693,ad1,0.002969241,1.859409,-9.476683,0.03138867,-0.7191795,leftEye,0.09137177,-0.668295,rightEye,0.1496923,-0.7334142
1月25日11:28:21:47,ad1,0.008592936,1.864413,-9.478434,0.01657942,-0.7243534,leftEye,0.1062341,-0.6925621,rightEye,0.1608276,-0.7485456
1月25日11:28:21:510,ad1,0.009095922,1.86463,-9.478136,0.01581685,-0.7234136,leftEye,0.1473565,-0.7616595,rightEye,0.2388217,-0.8843589
1月25日11:28:21:911,ad1,0.01222034,1.868401,-9.479574,0.002259935,-0.7260888,leftEye,0.03876281,-0.6371989,rightEye,0.0671761,-0.6706674
1月25日11:28:22:127,ad1,0.01598713,1.871263,-9.48028,-0.005110453,-0.7297919,leftEye,0.04291809,-0.6697024,rightEye,0.08476901,-0.7109671
1月25日11:28:22:377,ad1,0.02040402,1.87629,-9.482347,-0.02140685,-0.7358114,leftEye,0.05411983,-0.7036543,rightEye,0.1086143,-0.7503453
1月25日11:28:22:603,ad1,0.02552438,1.881199,-9.483706,-0.03657898,-0.7394452,leftEye,0.04269671,-0.6691828,rightEye,0.08191752,-0.7057238
1月25日11:28:22:803,ad1,0.03038715,1.884832,-9.483653,-0.04756983,-0.7406022,leftEye,0.04209292,-0.7056355,rightEye,0.08773971,-0.7347422
1月25日11:28:23:219,ad1,0.0361602,1.889818,-9.484703,-0.06858265,-0.7382886,leftEye,0.08759737,-0.6665555,rightEye,0.1390328,-0.7027005
1月25日11:28:23:461,ad2,0.03923669,1.89284,-9.482114,-0.08265852,-0.7281291,leftEye,0.1337341,-0.6217083,rightEye,0.1858172,-0.6731883
1月25日11:28:23:838,ad2,0.04323909,1.896145,-9.480682,-0.0927316,-0.7252361,leftEye,0.1315123,-0.657546,rightEye,0.1882219,-0.7046943
1月25日11:28:24:245,ad2,0.04542125,1.897177,-9.479443,-0.09703083,-0.7225983,leftEye,0.1309198,-0.6656926,rightEye,0.1848754,-0.7159889
1月25日11:28:24:463,ad2,0.04570856,1.897472,-9.479609,-0.09681595,-0.7226485,leftEye,0.1318128,-0.6756359,rightEye,0.1824217,-0.7181108
1月25日11:28:24:666,ad2,0.04513163,1.897522,-9.480016,-0.09614552,-0.7229857,leftEye,0.1316605,-0.6800495,rightEye,0.183603,-0.7261193
1月25日11:28:25:458,ad2,0.04624958,1.896858,-9.483829,-0.09271917,-0.7339595,leftEye,-0.1226994,-0.747497,rightEye,-0.07960784,-0.7685002
1月25日11:28:25:860,ad2,0.05250864,1.898427,-9.490699,-0.08844815,-0.7583379,leftEye,-0.07226211,-0.7214363,rightEye,-0.02365005,-0.7346375
1月25日11:28:26:215,ad2,0.0598769,1.900353,-9.498246,-0.09092529,-0.78505,leftEye,0.006925225,-0.7330236,rightEye,0.06104541,-0.7554976
1月25日11:28:27:313,ad2,0.07233088,1.901327,-9.5102,-0.09084432,-0.8275705,leftEye,-0.08821225,-0.7815361,rightEye,-0.0175516,-0.8596731
1月25日11:28:27:688,ad2,0.07280974,1.901598,-9.509826,-0.09055549,-0.8272709,leftEye,0.06984985,-0.7437412,rightEye,0.1377026,-0.8664978
1月25日11:28:27:895,ad2,0.07283766,1.901613,-9.509685,-0.09101335,-0.8265803,leftEye,0.07308435,-0.7381269,rightEye,0.1480727,-0.8363293
1月25日11:28:28:97,ad2,0.07297374,1.901563,-9.509815,-0.09129131,-0.8264873,leftEye,0.0740999,-0.7393624,rightEye,0.1412528,-0.8300548
1月25日11:28:28:301,ad2,0.07325573,1.901726,-9.509822,-0.09239431,-0.8265728,leftEye,0.05568266,-0.6907405,rightEye,0.1077591,-0.7362918
1月25日11:28:28:507,ad2,0.07353079,1.902143,-9.509009,-0.09193628,-0.8255693,leftEye,0.053195,-0.6925015,rightEye,0.108692,-0.7366737
1月25日11:28:28:732,ad2,0.07346447,1.902122,-9.509107,-0.09232645,-0.8257357,leftEye,0.1238953,-0.6480255,rightEye,0.1806257,-0.6999387
1月25日11:28:28:982,ad2,0.07304377,1.90221,-9.509381,-0.09225449,-0.8257385,leftEye,0.1252294,-0.6478446,rightEye,0.1813343,-0.6993079
1月25日11:28:29:239,ad2,0.07388656,1.902353,-9.508429,-0.09160706,-0.8247448,leftEye,0.1234541,-0.647948,rightEye,0.1797448,-0.7004819
1月25日11:28:29:971,ad2,0.07899568,1.90202,-9.512151,0.0877295,0.8404383,leftEye,-0.2751144,-0.7575569,rightEye,-0.2491261,-0.7865012
1月25日11:28:30:206,ad2,0.08105688,1.902899,-9.513959,0.0874887,0.8464059,leftEye,-0.2634633,-0.7705646,rightEye,-0.2202461,-0.8041861
1月25日11:28:30:464,ad2,0.08393474,1.902658,-9.518101,0.08628222,0.8596758,leftEye,-0.2096226,-0.7575922,rightEye,-0.1653305,-0.7668396
1月25日11:28:31:653,ad2,0.08375351,1.900025,-9.523779,0.07736843,0.8779361,leftEye,-0.1795692,-0.6957344,rightEye,-0.1623559,-0.723922
1月25日11:28:31:891,ad2,0.0841083,1.900419,-9.525453,0.07754446,0.8828354,leftEye,-0.1719598,-0.7136945,rightEye,-0.1303962,-0.7370189
1月25日11:28:32:118,ad2,0.08793294,1.901708,-9.528363,0.076321,0.8953622,leftEye,-0.1632503,-0.7258884,rightEye,-0.1244361,-0.7505689
1月25日11:28:32:374,ad2,0.08968576,1.902352,-9.52861,0.07555383,0.8989303,leftEye,-0.2783867,-0.7929184,rightEye,-0.199443,-0.7966986
1月25日11:28:32:626,ad2,0.09076317,1.902403,-9.528728,0.07661185,0.9000226,leftEye,-0.2792951,-0.7829232,rightEye,-0.2113079,-0.811566
1月25日11:28:33:109,ad2,0.08910427,1.901864,-9.529442,0.07535332,0.9020048,leftEye,-0.2901033,-0.8659946,rightEye,-0.2241619,-0.8408897
1月25日11:28:33:327,ad2,0.08957259,1.902263,-9.529208,0.07508109,0.9027762,leftEye,-0.3304356,-0.7720206,rightEye,-0.3331876,-0.9079593
1月25日11:28:33:593,ad2,0.0907148,1.902728,-9.530741,0.07438298,0.9080505,leftEye,-0.3085074,-0.7943956,rightEye,-0.2818811,-0.8400568
1月25日11:28:33:927,ad2,0.09465593,1.902769,-9.532158,0.07457798,0.9144327,leftEye,-0.27579,-0.771732,rightEye,-0.2373607,-0.8032522
1月25日11:28:34:181,ad2,0.09632364,1.902977,-9.532907,0.07497635,0.9177784,leftEye,-0.2636112,-0.7855839,rightEye,-0.205267,-0.8056631
1月25日11:28:34:403,ad2,0.09553105,1.903087,-9.534909,0.07499052,0.9231549,leftEye,-0.3184086,-0.8227807,rightEye,-0.2980343,-0.8428003
1月25日11:28:34:659,ad2,0.1001731,1.903149,-9.535093,0.07533903,0.9268139,leftEye,-0.2996031,-0.8370767,rightEye,-0.2695053,-0.8869371
1月25日11:28:35:78,ad2,0.1053118,1.902685,-9.536088,0.07262674,0.9321799,leftEye,0,0,rightEye,-0.1659668,-0.8709911
1月25日11:28:35:960,ad2,0.1112205,1.902459,-9.539396,0.06331134,0.9455869,leftEye,0,0,rightEye,-0.2227563,-0.8775135
1月25日11:28:38:50,ad2,0.1283602,1.902115,-9.545838,0.05323258,0.9681433,leftEye,-0.1879347,-0.7186379,rightEye,-0.127448,-0.7098318
1月25日11:28:38:277,ad2,0.1299894,1.902362,-9.546439,0.05180992,0.9683457,leftEye,-0.1813603,-0.7205542,rightEye,-0.1189443,-0.711172
1月25日11:28:38:504,ad2,0.1349906,1.902758,-9.546544,0.04949039,0.9684426,leftEye,-0.1614699,-0.6907517,rightEye,-0.1129894,-0.6658081
1月25日11:28:38:930,ad2,0.1425923,1.903557,-9.545283,0.0520451,0.9666179,leftEye,-0.1267245,-0.7094852,rightEye,-0.067307,-0.6848329
1月25日11:28:39:227,ad2,0.1480264,1.905765,-9.543573,0.04930507,0.9633579,leftEye,-0.1750502,-0.7176193,rightEye,-0.09995848,-0.7361377
1月25日11:28:39:442,ad2,0.1505246,1.90583,-9.543114,0.04907109,0.9628027,leftEye,-0.1187181,-0.7212253,rightEye,-0.05375016,-0.6852746
1月25日11:28:39:663,ad2,0.1497064,1.906551,-9.542867,0.04586441,0.9616518,leftEye,-0.1161688,-0.7244698,rightEye,-0.05288345,-0.7009453
1月25日11:28:39:898,ad2,0.1480756,1.907204,-9.541781,0.04477827,0.9603686,leftEye,-0.11333,-0.738461,rightEye,-0.04588044,-0.7111363
1月25日11:28:40:108,ad2,0.1484703,1.907689,-9.54135,0.04433975,0.9594157,leftEye,-0.09933752,-0.7406136,rightEye,-0.03531951,-0.7125287
1月25日11:28:40:314,ad2,0.1490753,1.908432,-9.540278,0.04351124,0.9576297,leftEye,-0.09049743,-0.7479461,rightEye,-0.02618349,-0.7205226
1月25日11:28:40:549,ad2,0.1510356,1.909412,-9.539281,0.0408702,0.9553168,leftEye,-0.1320785,-0.6981534,rightEye,-0.07764709,-0.6416074
1月25日11:28:40:803,ad2,0.1507554,1.911007,-9.537433,0.03799523,0.9516991,leftEye,-0.1266037,-0.7160022,rightEye,-0.06985962,-0.6619502
1月25日11:28:41:59,ad2,0.1523625,1.913823,-9.533246,0.04054711,0.9450632,leftEye,-0.1343973,-0.7020504,rightEye,-0.08208418,-0.641341
1月25日11:28:41:270,ad2,0.1542773,1.915941,-9.528586,0.04222095,0.9380258,leftEye,-0.09241748,-0.6440492,rightEye,-0.04976839,-0.5964074
1月25日11:28:41:516,ad2,0.1583579,1.917835,-9.522805,0.04667243,0.931465,leftEye,0.03496838,-0.5874563,rightEye,0.07896829,-0.5580636
1月25日11:28:41:747,ad2,0.1621396,1.918638,-9.517656,0.05031832,0.9268475,leftEye,0.03804183,-0.5940788,rightEye,0.09523344,-0.5665234
1月25日11:28:41:995,ad2,0.1609551,1.920029,-9.512607,0.05203006,0.9210404,leftEye,0.03838027,-0.6216607,rightEye,0.102616,-0.5925436
1月25日11:28:42:241,ad2,0.1589879,1.920977,-9.509066,0.05554771,0.9168671,leftEye,-0.003383636,-0.611586,rightEye,0.05399823,-0.5879327
1月25日11:28:42:444,ad2,0.1606791,1.921709,-9.505089,0.05952747,0.9127568,leftEye,-0.000842452,-0.6216234,rightEye,0.06112599,-0.5981637
1月25日11:28:42:725,ad2,0.1613698,1.922319,-9.50106,0.06203182,0.9088783,leftEye,-0.001073599,-0.6446369,rightEye,0.06496119,-0.6195133
1月25日11:28:43:161,ad2,0.1603729,1.922376,-9.500156,0.06094205,0.9078315,leftEye,-0.000523746,-0.646139,rightEye,0.06675923,-0.6245099
1月25日11:28:43:376,ad2,0.1651296,1.922273,-9.499398,0.06250181,0.907564,leftEye,-0.0002857447,-0.6488423,rightEye,0.06869948,-0.6270628
1月25日11:28:43:586,ad2,0.1663423,1.92174,-9.500591,0.06141182,0.9083275,leftEye,-0.002354443,-0.6431031,rightEye,0.06554258,-0.6250205
1月25日11:28:43:864,ad3,0.1647403,1.921406,-9.502609,0.06115917,0.9105768,leftEye,-0.006028891,-0.6434704,rightEye,0.06330693,-0.6221465
1月25日11:28:44:378,ad3,0.1636068,1.917779,-9.518463,0.05707772,0.9263623,leftEye,-0.001669943,-0.7322557,rightEye,0.08048427,-0.7140851
1月25日11:28:44:670,ad3,0.1647971,1.915981,-9.524837,0.05282526,0.9321768,leftEye,0.00254941,-0.7098461,rightEye,0.08479238,-0.6931045
1月25日11:28:44:932,ad3,0.1622184,1.914947,-9.529606,0.04869685,0.9361889,leftEye,0.009950161,-0.6946588,rightEye,0.08068955,-0.6754283
1月25日11:28:51:965,ad3,0.145844,1.847873,-9.618194,0.02042858,0.9938521,leftEye,0,0,rightEye,0.3218349,-0.8142738
1月25日11:28:56:134,ad3,0.08416276,1.84167,-9.603662,-0.003638283,0.9804418,leftEye,0.1403369,-0.8371336,rightEye,0.2134188,-0.8345227
1月25日11:28:56:386,ad3,0.08116957,1.844227,-9.602055,-0.004166329,0.9790412,leftEye,0.2186085,-0.6937604,rightEye,0.2717587,-0.7400469
1月25日11:29:0:661,ad3,0.01874728,1.831087,-9.57288,-0.05846761,0.8999001,leftEye,0.1003493,-0.6451567,rightEye,0.163903,-0.6947519
1月25日11:29:0:889,ad3,0.01809458,1.838237,-9.566579,-0.05008694,0.8963844,leftEye,0.09463978,-0.6747471,rightEye,0.160726,-0.7574352
1月25日11:29:1:98,ad3,0.01654292,1.841737,-9.560503,-0.03770009,0.8836523,leftEye,0,0,rightEye,0.5880688,-0.8434842
1月25日11:29:1:562,ad3,0.008159561,1.842409,-9.548127,0.03592718,-0.857599,leftEye,0.3577545,-0.768959,rightEye,0.4228481,-0.8450024
1月25日11:29:1:779,ad3,0.007972653,1.843462,-9.545648,0.03120596,-0.8518011,leftEye,0.7286973,-0.8045126,rightEye,0.5111878,-0.8367919
1月25日11:29:2:306,ad3,-0.004831378,1.844072,-9.525248,0.0371602,-0.8081263,leftEye,0,0,rightEye,0.4156631,-0.8770136
1月25日11:29:3:46,ad3,-0.009585503,1.841124,-9.520891,0.0365318,-0.792707,leftEye,0.2510585,-0.7125429,rightEye,0.3355252,-0.8433696
1月25日11:29:3:318,ad3,-0.008180984,1.842073,-9.521892,0.03465888,-0.7951972,leftEye,0.1902852,-0.6658689,rightEye,0.2647034,-0.7633948
1月25日11:29:3:568,ad3,-0.00775464,1.84299,-9.521754,0.03339817,-0.7951069,leftEye,0.1172756,-0.6434134,rightEye,0.1671051,-0.7191017
1月25日11:29:3:785,ad3,-0.007019294,1.843914,-9.521458,0.02961903,-0.7936315,leftEye,0.1116112,-0.6528656,rightEye,0.1648971,-0.7234691
1月25日11:29:3:992,ad3,-0.008433066,1.843691,-9.519438,0.02953757,-0.7865494,leftEye,0.1154666,-0.6621339,rightEye,0.1691282,-0.7323356
1月25日11:29:4:268,ad4,-0.01232645,1.843244,-9.514872,0.03028432,-0.7749678,leftEye,0.09288263,-0.6650995,rightEye,0.1425507,-0.7388573
1月25日11:29:5:384,ad4,-0.01134844,1.843135,-9.513286,0.0371252,-0.773737,leftEye,0.07829988,-0.5978436,rightEye,0.1244948,-0.6681495
1月25日11:29:5:647,ad4,-0.006836421,1.847281,-9.512735,0.03431445,-0.7809317,leftEye,0.07139385,-0.6212436,rightEye,0.1336595,-0.7054809
1月25日11:29:5:970,ad4,0.0004033432,1.854208,-9.516821,0.0227307,-0.7984452,leftEye,0.08837509,-0.664868,rightEye,0.1705014,-0.7596688
1月25日11:29:6:254,ad4,0.004274945,1.857492,-9.518558,0.01509845,-0.8045067,leftEye,0.2974435,-0.758413,rightEye,0.356649,-0.8281012
1月25日11:29:6:514,ad4,0.003242487,1.856467,-9.516826,0.01826736,-0.7998967,leftEye,0.2919708,-0.7615505,rightEye,0.3544995,-0.8029453
1月25日11:29:6:752,ad4,0.003133329,1.859424,-9.513922,0.007461024,-0.7919065,leftEye,0.2441568,-0.6798911,rightEye,0.3616476,-0.8547767
1月25日11:29:6:989,ad4,0.00498233,1.863841,-9.507835,-0.01765909,-0.770003,leftEye,0.2405164,-0.670504,rightEye,0.3070116,-0.7370104
1月25日11:29:7:232,ad4,0.006186996,1.866852,-9.504856,-0.02871844,-0.7621316,leftEye,0.2180098,-0.6726071,rightEye,0.2800757,-0.8030571
1月25日11:29:7:477,ad4,0.008659919,1.869678,-9.503934,-0.03219402,-0.7614873,leftEye,0.1989077,-0.6265863,rightEye,0.2780867,-0.7041423
1月25日11:29:7:726,ad4,0.01543255,1.875035,-9.503465,-0.03895139,-0.7679124,leftEye,0.1654011,-0.5416013,rightEye,0.2194444,-0.5908307
1月25日11:29:7:976,ad4,0.0203307,1.88013,-9.503712,-0.05417549,-0.7672613,leftEye,0.131049,-0.50043,rightEye,0.1790866,-0.5467746
1月25日11:29:8:204,ad4,0.02412616,1.882293,-9.504466,-0.0625633,-0.7673563,leftEye,0.1138307,-0.5103433,rightEye,0.1578937,-0.5378571
1月25日11:29:8:435,ad4,0.02615675,1.885965,-9.503958,-0.07777008,-0.7632357,leftEye,0.09212279,-0.4750191,rightEye,0.1347698,-0.5144598
1月25日11:29:8:723,ad4,0.03126258,1.891591,-9.505959,-0.09914457,-0.7637293,leftEye,0.09376466,-0.5306064,rightEye,0.1312592,-0.5558107
1月25日11:29:9:277,ad4,0.04454926,1.902465,-9.507208,-0.1444842,-0.7600552,leftEye,0.08821404,-0.507996,rightEye,0.1353252,-0.5406842
1月25日11:29:9:589,ad4,0.05588468,1.907915,-9.505303,-0.1654154,-0.7578158,leftEye,0.07160342,-0.5047412,rightEye,0.1154261,-0.5180333
1月25日11:29:9:864,ad4,0.06473517,1.911179,-9.503187,-0.1725238,-0.7584563,leftEye,0.07344782,-0.5380343,rightEye,0.1208097,-0.5525181
1月25日11:29:10:128,ad4,0.06478921,1.910298,-9.506429,-0.1700072,-0.7665203,leftEye,0.01654708,-0.6020705,rightEye,0.0469079,-0.6079793
1月25日11:29:10:406,ad4,0.06184971,1.907606,-9.513414,-0.1603319,-0.7826471,leftEye,0.00366354,-0.6061313,rightEye,0.05817258,-0.6374228
1月25日11:29:28:996,ad5,0.05279513,1.862613,-9.571444,0.01593373,0.9357881,leftEye,0.1007712,-0.5252858,rightEye,0.166196,-0.5722641
1月25日11:29:29:205,ad5,0.05331957,1.862841,-9.571586,0.01705659,0.9359412,leftEye,0.1026634,-0.5326717,rightEye,0.1671634,-0.5795572
1月25日11:29:29:470,ad5,0.05391224,1.862885,-9.571411,0.01581337,0.9362164,leftEye,0.1073939,-0.5359383,rightEye,0.1621666,-0.5781369
1月25日11:29:29:721,ad5,0.05405841,1.863133,-9.572044,0.01579342,0.9370056,leftEye,0.01746678,-0.5891969,rightEye,0.04703856,-0.6261538
1月25日11:29:29:937,ad5,0.05511941,1.862792,-9.573234,0.014192,0.939122,leftEye,-0.1058739,-0.6673005,rightEye,-0.07660276,-0.7092793
1月25日11:29:30:173,ad5,0.05773,1.863236,-9.575156,0.01337937,0.9457603,leftEye,-0.07558823,-0.6672983,rightEye,-0.02450007,-0.7099649
1月25日11:29:34:985,ad5,0.07338281,1.858452,-9.586315,-0.004281566,0.9690335,leftEye,-0.137191,-0.7337823,rightEye,-0.07372069,-0.7569524
1月25日11:29:35:203,ad5,0.08181938,1.860727,-9.589111,-0.006823168,0.97876,leftEye,-0.04715163,-0.7341008,rightEye,0.02725506,-0.7694238
1月25日11:29:35:462,ad5,0.0934237,1.865327,-9.592065,-0.009763652,0.989807,leftEye,-0.1068894,-0.7245398,rightEye,-0.06239897,-0.7472186
1月25日11:29:35:680,ad5,0.1009921,1.867466,-9.592798,-0.002956861,0.993064,leftEye,-0.08611786,-0.7278017,rightEye,-0.0443902,-0.7600272
1月25日11:29:35:901,ad5,0.1074054,1.867467,-9.595029,-0.001016759,0.9960001,leftEye,-0.1488121,-0.7280077,rightEye,-0.1068412,-0.7480972
1月25日11:29:36:125,ad5,0.1155016,1.868696,-9.595916,0.004809964,0.9979271,leftEye,-0.09935671,-0.7159629,rightEye,-0.04037398,-0.7478491
1月25日11:29:36:352,ad5,0.1194651,1.869473,-9.596187,0.0100864,0.9985924,leftEye,-0.06221575,-0.7178671,rightEye,-0.002284467,-0.7527115
1月25日11:29:36:602,ad5,0.1201417,1.869971,-9.596736,0.008302989,0.9989113,leftEye,-0.04834181,-0.7298546,rightEye,-0.002352476,-0.7564399
1月25日11:29:36:843,ad5,0.1278158,1.870163,-9.597598,0.003132021,0.9989257,leftEye,-0.1778515,-0.7412536,rightEye,-0.1394316,-0.7580614
1月25日11:29:37:86,ad5,0.1334533,1.871629,-9.597907,0.006884797,0.9972637,leftEye,-0.1081366,-0.7411281,rightEye,-0.06529218,-0.7553012
1月25日11:29:37:361,ad5,0.1429712,1.872634,-9.597666,0.006340605,0.9944745,leftEye,-0.06428611,-0.7418274,rightEye,0.003534436,-0.7839737
1月25日11:29:37:644,ad5,0.1510941,1.873703,-9.597048,0.008381116,0.9911258,leftEye,-0.1796069,-0.7357014,rightEye,-0.1320199,-0.7419975
1月25日11:29:37:882,ad5,0.1560453,1.874484,-9.596505,0.007499938,0.9884093,leftEye,-0.1567388,-0.736853,rightEye,-0.101579,-0.7525322
1月25日11:29:38:132,ad5,0.1595426,1.874936,-9.595791,0.005990993,0.9854521,leftEye,-0.2683777,-0.7350059,rightEye,-0.2321033,-0.7399783
1月25日11:29:38:412,ad5,0.1616209,1.876819,-9.594322,0.00659486,0.9827278,leftEye,-0.2672348,-0.7475095,rightEye,-0.2146982,-0.7515124
1月25日11:29:40:112,ad5,0.1558461,1.863825,-9.605182,0.01495779,0.9916396,leftEye,0.2829071,-0.8378608,rightEye,0.3570869,-0.8496811
1月25日11:29:40:806,ad5,0.1515671,1.865063,-9.605465,0.02669803,0.9949071,leftEye,0.1982192,-0.7058896,rightEye,0.2835797,-0.7435955
1月25日11:29:41:59,ad5,0.1454252,1.867743,-9.603578,0.0350406,0.9972424,leftEye,0.135851,-0.7165122,rightEye,0.2206398,-0.7592496
1月25日11:29:42:547,ad5,0.111812,1.874495,-9.590057,0.06166543,0.9858943,leftEye,0.3061066,-0.80472,rightEye,0.3879849,-0.8529962
1月25日11:29:42:778,ad5,0.1060269,1.87552,-9.587381,0.06155071,0.9816008,leftEye,0.2548819,-0.7971327,rightEye,0.3644688,-0.8945019
1月25日11:29:43:40,ad5,0.1025989,1.875602,-9.587112,0.05888835,0.9813473,leftEye,0.2494938,-0.7779911,rightEye,0.3717673,-0.8970987
1月25日11:29:43:758,ad5,0.09824644,1.875604,-9.583441,0.05684559,0.9751776,leftEye,0.1880243,-0.7726686,rightEye,0.3007656,-0.8916861
1月25日11:29:44:520,ad5,0.0772827,1.875741,-9.572846,0.05101598,0.9494701,leftEye,0.2162632,-0.6505408,rightEye,0.3018433,-0.7255646
1月25日11:29:44:776,ad6,0.07217842,1.876034,-9.570541,0.05016294,0.9422426,leftEye,0.1804668,-0.6455349,rightEye,0.2502015,-0.7175469
1月25日11:29:45:31,ad6,0.06913922,1.875661,-9.567717,0.04908253,0.9348354,leftEye,0.1451703,-0.6399188,rightEye,0.2213778,-0.7027752
1月25日11:29:45:322,ad6,0.06618264,1.874864,-9.564071,0.04334855,0.9265596,leftEye,0.11637,-0.6442004,rightEye,0.1839348,-0.6981415
1月25日11:29:45:594,ad6,0.06110667,1.875245,-9.561078,0.04519765,0.9173,leftEye,0.09063327,-0.6448303,rightEye,0.161231,-0.701502
1月25日11:29:45:898,ad6,0.05700668,1.875153,-9.556725,0.04709618,0.9057797,leftEye,0.326426,-0.8349823,rightEye,0.41451,-0.901243
1月25日11:29:51:207,ad6,0.01201243,1.865003,-9.507933,-0.03469525,-0.7545674,leftEye,0,0,rightEye,0.8886982,0.7704861
1月25日11:29:53:74,ad6,-0.008503106,1.842349,-9.494543,0.04208472,-0.728785,leftEye,0,0,rightEye,0.8597668,0.7128483
1月25日11:29:53:978,ad6,-0.008342678,1.84555,-9.492527,0.03993982,-0.7242098,leftEye,0.2709416,-0.6942657,rightEye,0.4135,-0.8506272
1月25日11:29:54:225,ad6,-0.007242438,1.847377,-9.491193,0.03672411,-0.721913,leftEye,0.2630121,-0.6941574,rightEye,0.3933935,-0.8666683
1月25日11:29:55:736,ad6,0.004204937,1.857299,-9.489885,0.01194426,-0.7236338,leftEye,0.101501,-0.710675,rightEye,0.1727202,-0.8404984
1月25日11:29:55:963,ad6,0.01104423,1.861571,-9.488615,0.005834537,-0.726289,leftEye,0.09643769,-0.7311914,rightEye,0.1888219,-0.8904065
1月25日11:29:56:199,ad6,0.01540829,1.864949,-9.488639,-0.002802155,-0.728216,leftEye,0.1148725,-0.6736752,rightEye,0.1823795,-0.7483144
1月25日11:29:56:440,ad6,0.01659707,1.872878,-9.487052,-0.0333859,-0.7176534,leftEye,0.2044204,-0.6016699,rightEye,0.2688485,-0.6632698
1月25日11:29:56:672,ad6,0.01948398,1.877064,-9.484194,-0.05744038,-0.704055,leftEye,0.2505533,-0.6337758,rightEye,0.3308601,-0.7071071
1月25日11:29:56:913,ad6,0.01962152,1.877112,-9.48101,-0.06088976,-0.6939555,leftEye,0.2506853,-0.628176,rightEye,0.3301554,-0.7048595
1月25日11:29:57:131,ad6,0.02029809,1.88168,-9.477775,-0.07402231,-0.6829962,leftEye,0.1702291,-0.5278757,rightEye,0.2156099,-0.5851115
1月25日11:29:57:349,ad6,0.02421984,1.884174,-9.478262,-0.08373578,-0.682228,leftEye,0.1759596,-0.5632225,rightEye,0.2296692,-0.6197058
1月25日11:30:3:697,ad6,0.02834508,1.859758,-9.534236,0.007280138,-0.8442355,leftEye,0.1593673,0.6701111,rightEye,0.1324637,0.7992981
1月25日11:30:5:825,ad7,0.02110364,1.852647,-9.54291,0.02032327,-0.8548379,leftEye,-0.01685315,-0.7044196,rightEye,0.05004287,-0.7830871
1月25日11:30:6:108,ad7,0.02263918,1.856205,-9.542919,0.01532712,-0.8600031,leftEye,0.1074322,-0.6546707,rightEye,0.1719762,-0.7144656
1月25日11:30:6:416,ad7,0.0235941,1.856962,-9.542048,0.01105914,-0.8567937,leftEye,0.1013604,-0.6602471,rightEye,0.1706836,-0.7229297
1月25日11:30:6:686,ad7,0.02387358,1.857004,-9.540763,0.01126264,-0.8550903,leftEye,0.123565,-0.6251827,rightEye,0.1936598,-0.7096902
1月25日11:30:6:949,ad7,0.02603316,1.857861,-9.539167,0.008617348,-0.8520929,leftEye,0.1599542,-0.5915596,rightEye,0.2249174,-0.658895
1月25日11:30:7:250,ad7,0.0264211,1.857206,-9.539318,0.009427648,-0.852015,leftEye,-0.003208756,-0.6109527,rightEye,0.04563832,-0.6760062
1月25日11:30:7:502,ad7,0.02508193,1.857308,-9.540196,0.01048148,-0.8538178,leftEye,-0.3993343,-0.8347714,rightEye,-0.3812096,-0.8475671
1月25日11:30:7:760,ad7,0.02430093,1.857412,-9.540543,0.00932936,-0.8537061,leftEye,0.3487984,-0.5346358,rightEye,0.4359213,-0.6426886
1月25日11:30:7:985,ad7,0.02533303,1.85827,-9.539515,0.005267918,-0.8508942,leftEye,0.3376622,-0.5554613,rightEye,0.4278549,-0.6506033
1月25日11:30:8:225,ad7,0.025736,1.860585,-9.537504,-0.007162678,-0.843321,leftEye,0.2308995,-0.6035008,rightEye,0.3290036,-0.6886326
1月25日11:30:8:485,ad7,0.0246793,1.867302,-9.525375,-0.03057662,-0.8095459,leftEye,0.3519031,-0.6019293,rightEye,0.4713886,-0.7199733
1月25日11:30:9:387,ad7,0.02584738,1.868942,-9.523203,-0.03438745,-0.8050495,leftEye,0.4240394,-0.6646684,rightEye,0.578614,-0.782261
1月25日11:30:9:625,ad7,0.02741826,1.876029,-9.512218,-0.05494133,-0.7749986,leftEye,0.4939706,-0.6784401,rightEye,0.5111947,-0.7922786
1月25日11:30:10:92,ad7,0.02730183,1.878063,-9.5057,-0.0581947,-0.7588967,leftEye,0.5370669,-0.662912,rightEye,0.4943783,-0.7128099
1月25日11:30:10:311,ad7,0.02762716,1.878798,-9.504936,-0.06282641,-0.7540412,leftEye,0.3969519,-0.6625037,rightEye,0.4855814,-0.7525879
1月25日11:30:10:578,ad7,0.02854762,1.884557,-9.502734,-0.08762565,-0.7414658,leftEye,0.2958307,-0.4971827,rightEye,0.3689069,-0.6152207
1月25日11:30:10:806,ad7,0.03416965,1.889297,-9.499466,-0.1059063,-0.7293283,leftEye,0.2705941,-0.5439612,rightEye,0.3412322,-0.6221151
1月25日11:30:11:30,ad7,0.0387709,1.892409,-9.499146,-0.1156587,-0.7294297,leftEye,0.09060824,-0.5234807,rightEye,0.1329515,-0.5838141
1月25日11:30:11:286,ad7,0.04178932,1.895725,-9.496152,-0.1271963,-0.7202849,leftEye,0.3292242,-0.52666,rightEye,0.4115313,-0.6352786
1月25日11:30:11:546,ad7,0.04637049,1.899177,-9.491901,-0.1373185,-0.7130024,leftEye,0.3584909,-0.506718,rightEye,0.4472684,-0.6166264
1月25日11:30:11:767,ad7,0.05038494,1.901046,-9.490667,-0.1423281,-0.711588,leftEye,0.190075,-0.4670933,rightEye,0.2389245,-0.5214639
1月25日11:30:12:31,ad7,0.05312324,1.902812,-9.488906,-0.1458742,-0.709693,leftEye,0.1863966,-0.4874094,rightEye,0.2422545,-0.5373466
1月25日11:30:12:286,ad7,0.05635468,1.90413,-9.485705,-0.1501393,-0.7028486,leftEye,0.344684,-0.4967288,rightEye,0.4294049,-0.6025376
1月25日11:30:12:551,ad7,0.05921417,1.905136,-9.484483,-0.1525116,-0.7020602,leftEye,0.2994238,-0.5208824,rightEye,0.4179269,-0.5923599
1月25日11:30:12:813,ad7,0.06019934,1.905201,-9.484688,-0.1515265,-0.7036597,leftEye,0.2889427,-0.5277812,rightEye,0.3675832,-0.6101332
1月25日11:30:13:42,ad7,0.05971521,1.904903,-9.484634,-0.1504726,-0.7052852,leftEye,0.1664127,-0.5644679,rightEye,0.225222,-0.6228843
1月25日11:30:13:304,ad7,0.05941238,1.905083,-9.48641,-0.1523809,-0.7072723,leftEye,0.1827989,-0.5606818,rightEye,0.2482979,-0.6292243
1月25日11:30:13:576,ad7,0.0583472,1.904278,-9.482882,-0.149957,-0.6969808,leftEye,0,0,rightEye,0.5962213,-0.8199733
1月25日11:30:13:828,ad7,0.05435733,1.902524,-9.476404,-0.1407476,-0.6832715,leftEye,0.4398127,-0.6474674,rightEye,0.4741013,-0.8045346
1月25日11:30:14:41,ad7,0.05244126,1.901442,-9.473514,-0.1319074,-0.6769108,leftEye,0.3518333,-0.6244302,rightEye,0.4484046,-0.7090247
1月25日11:30:14:294,ad7,0.05264172,1.901459,-9.475085,-0.132426,-0.6800995,leftEye,0.3500165,-0.6218029,rightEye,0.4495676,-0.722793
1月25日11:30:14:571,ad7,0.05412556,1.901065,-9.477516,-0.1296035,-0.6871415,leftEye,-0.01502728,-0.5884535,rightEye,0.04152024,-0.6566064
1月25日11:30:14:817,ad7,0.05441667,1.901348,-9.479301,-0.1257549,-0.6943888,leftEye,0.0261035,-0.5467868,rightEye,0.08062541,-0.6013657
1月25日11:30:15:85,ad7,0.05868364,1.903435,-9.483727,-0.1331106,-0.7052177,leftEye,0.1502929,-0.5016072,rightEye,0.2135042,-0.5645669
1月25日11:30:15:342,ad7,0.06232972,1.904609,-9.488755,-0.1289284,-0.7242918,leftEye,0.1719737,-0.5102512,rightEye,0.2365719,-0.5604792
1月25日11:30:15:601,ad7,0.06567167,1.905656,-9.48992,-0.1338083,-0.7267306,leftEye,0.284731,-0.5340608,rightEye,0.3531708,-0.5979531
1月25日11:30:15:847,ad7,0.06447814,1.905973,-9.487133,-0.1382275,-0.7193434,leftEye,0.350582,-0.5673083,rightEye,0.4447452,-0.6708069
1月25日11:30:16:785,ad7,0.05203583,1.897564,-9.499302,-0.1100076,-0.744056,leftEye,0.3759199,-0.7055317,rightEye,0.458204,-0.7572227
1月25日11:30:17:18,ad7,0.05013468,1.896837,-9.502053,-0.1105118,-0.7486111,leftEye,0.2777308,-0.6977081,rightEye,0.4082187,-0.7803823
1月25日11:30:22:346,ad7,0.00870782,1.852266,-9.523054,0.01743614,-0.7977401,leftEye,-0.05280799,-0.7124634,rightEye,0.0137769,-0.8154222
1月25日11:30:22:566,ad7,0.01333662,1.856837,-9.523574,0.009482712,-0.8057338,leftEye,-0.01195145,-0.6336292,rightEye,0.0392276,-0.7004811
1月25日11:30:22:819,ad7,0.02013881,1.863057,-9.52583,-0.002751908,-0.8184222,leftEye,0.02218962,-0.6785992,rightEye,0.09206462,-0.7390195
1月25日11:30:23:89,ad7,0.02375343,1.866161,-9.527947,-0.008201604,-0.8247623,leftEye,0.03156555,-0.68774,rightEye,0.1074401,-0.7442075
1月25日11:30:23:345,ad7,0.02996753,1.869163,-9.533015,-0.01616112,-0.842035,leftEye,0.02185166,-0.6927216,rightEye,0.1231571,-0.8123723
1月25日11:30:23:649,ad7,0.03850578,1.873095,-9.537308,-0.02579845,-0.8573782,leftEye,0.05346787,-0.6848332,rightEye,0.1351911,-0.7350174
1月25日11:30:23:906,ad7,0.04254752,1.874898,-9.540771,0.02830921,0.8695948,leftEye,-0.2699462,-0.7517495,rightEye,-0.246006,-0.7990768
1月25日11:30:24:371,ad7,0.05043631,1.876687,-9.549051,0.02539578,0.8977024,leftEye,-0.190497,-0.7458206,rightEye,-0.1357457,-0.8810693
1月25日11:30:24:676,ad7,0.05243291,1.878835,-9.548162,0.02990953,0.897162,leftEye,0.1512127,-0.5511318,rightEye,0.2172505,-0.6039608
1月25日11:30:24:905,ad7,0.05469272,1.882708,-9.546822,0.04145461,0.8961964,leftEye,0.08174729,-0.5111606,rightEye,0.1336541,-0.5445094
1月25日11:30:25:745,ad7,0.06108178,1.886615,-9.545505,0.05411877,0.897755,leftEye,0.04674435,-0.5270442,rightEye,0.1017927,-0.5697036
1月25日11:30:26:154,ad81,0.08730955,1.902111,-9.536278,0.09557856,0.9007365,leftEye,0.03400981,-0.5457464,rightEye,0.08583128,-0.5793076
1月25日11:30:26:391,ad81,0.0907499,1.903575,-9.536,0.09985751,0.9031559,leftEye,0.04328203,-0.5627587,rightEye,0.1057866,-0.5999856
1月25日11:30:26:628,ad81,0.09363566,1.90416,-9.53678,0.1010356,0.9056983,leftEye,0.04986501,-0.5661277,rightEye,0.1117606,-0.6109369
1月25日11:30:26:853,ad81,0.09644739,1.904091,-9.539492,0.1025119,0.9108999,leftEye,0.06189442,-0.5639746,rightEye,0.123666,-0.603732
1月25日11:30:27:110,ad81,0.09888637,1.903174,-9.542132,0.1024619,0.9170071,leftEye,-0.04544234,-0.6790539,rightEye,0.02863836,-0.7146237
1月25日11:30:39:627,ad81,-0.02270906,1.839644,-9.455425,0.03933282,-0.6368023,leftEye,0.160789,-0.5444721,rightEye,0.2019745,-0.6799091
1月25日11:30:39:862,ad81,-0.02157465,1.840739,-9.454158,0.03671191,-0.6346573,leftEye,0.3340033,-0.5524015,rightEye,0.4232637,-0.7429483
1月25日11:30:40:64,ad81,-0.02241139,1.84045,-9.453824,0.03822491,-0.634496,leftEye,0.3374298,-0.5501261,rightEye,0.4320238,-0.7330263
1月25日11:30:41:375,ad81,-0.02021499,1.844461,-9.458638,0.03480651,-0.6470276,leftEye,0.04701173,-0.5109091,rightEye,0.07114792,-0.6253368
1月25日11:30:41:620,ad81,-0.01388741,1.84873,-9.462349,0.02311851,-0.6571295,leftEye,0.04403532,-0.5619779,rightEye,0.09849834,-0.6705925
1月25日11:30:47:663,ad82,-0.006532371,1.834667,-9.411644,0.04468381,-0.4796315,leftEye,0.2852373,-0.6572804,rightEye,0.4376628,-0.8865565
1月25日11:30:49:11,ad82,-0.001883633,1.843236,-9.417124,0.01510478,-0.4806718,leftEye,-0.09875005,-0.6723647,rightEye,-0.06541628,-0.7882626
1月25日11:30:49:259,ad82,-0.002532891,1.848,-9.428391,0.006816514,-0.511893,leftEye,-0.05787492,-0.6454185,rightEye,-0.03161806,-0.7718527
1月25日11:30:49:469,ad82,-0.002038673,1.850448,-9.432808,0.0001742275,-0.5177486,leftEye,-0.04111594,-0.6369548,rightEye,0.0008038282,-0.7777203
1月25日11:30:50:403,ad82,0.01034562,1.865326,-9.4441,-0.05574948,-0.536089,leftEye,0.04006815,-0.5647374,rightEye,0.07798207,-0.6599065
1月25日11:30:50:624,ad82,0.01465831,1.867691,-9.448763,-0.06481149,-0.5468858,leftEye,-0.09178358,-0.5551698,rightEye,-0.06542146,-0.6252191
1月25日11:30:50:857,ad82,0.01326849,1.867991,-9.45295,-0.06755922,-0.5568928,leftEye,-0.07053435,-0.5442481,rightEye,-0.03840804,-0.6195807
1月25日11:30:51:886,ad82,0.007770408,1.860233,-9.488777,-0.04447411,-0.6618934,leftEye,0.002361059,-0.6995174,rightEye,0.04978037,-0.8288127
1月25日11:30:53:675,ad82,0.003602237,1.85184,-9.514404,-0.009703424,-0.7472739,leftEye,-0.04356921,-0.5799286,rightEye,-0.009855986,-0.6406552
1月25日11:30:53:916,ad82,0.003644343,1.852813,-9.51488,-0.01136631,-0.7476963,leftEye,-0.04356921,-0.5799286,rightEye,-0.009855986,-0.6406552
1月25日11:30:54:162,ad82,0.004777454,1.852402,-9.513271,-0.01510304,-0.7405815,leftEye,-0.04356921,-0.5799286,rightEye,-0.009855986,-0.6406552
1月25日11:30:54:389,ad82,0.004812959,1.851696,-9.497316,-0.02306108,-0.6834037,leftEye,-0.04356921,-0.5799286,rightEye,-0.009855986,-0.6406552
1月25日11:30:54:828,ad82,0.001738981,1.849376,-9.493273,-0.00982733,-0.6798283,leftEye,-0.04356921,-0.5799286,rightEye,-0.009855986,-0.6406552
1月25日11:30:55:96,ad82,-0.0001399713,1.848884,-9.484834,-0.007872096,-0.651496,leftEye,-0.04356921,-0.5799286,rightEye,-0.009855986,-0.6406552
1月25日11:30:55:378,ad82,0.002432996,1.850374,-9.471597,-0.01243044,-0.6131951,leftEye,-0.04356921,-0.5799286,rightEye,-0.009855986,-0.6406552
1月25日11:30:55:731,ad82,0.005642915,1.850794,-9.458542,-0.01270487,-0.5773738,leftEye,-0.04356921,-0.5799286,rightEye,-0.009855986,-0.6406552
1月25日11:30:55:971,ad82,0.008964356,1.848944,-9.446589,-0.01062416,-0.5351706,leftEye,-0.04356921,-0.5799286,rightEye,-0.009855986,-0.6406552
1月25日11:30:56:663,ad82,0.02292064,1.854918,-9.445258,-0.0313617,-0.5112585,leftEye,0.3607092,-0.6171582,rightEye,0.4402574,-0.7703274
1月25日11:30:56:894,ad82,0.02681169,1.855024,-9.443621,-0.03143736,-0.5016052,leftEye,0.3444202,-0.6199826,rightEye,0.4261855,-0.7817768
1月25日11:30:57:97,ad82,0.02936486,1.854749,-9.44163,-0.03569626,-0.4889601,leftEye,0.3470157,-0.6287211,rightEye,0.4239866,-0.7960707
1月25日11:30:58:430,ad82,0.06209516,1.854323,-9.435856,-0.03135768,-0.3337638,leftEye,0,0,rightEye,0.5995926,-0.7341591
1月25日11:30:58:672,ad82,0.06638508,1.85547,-9.433918,-0.03224788,-0.3209815,leftEye,0.4302124,-0.5984529,rightEye,0.5128794,-0.7416435
1月25日11:30:59:81,ad82,0.07894925,1.856657,-9.433074,-0.03424679,-0.2924025,leftEye,0.4096216,-0.6324261,rightEye,0.4692619,-0.7638733
1月25日11:30:59:498,ad82,0.09670129,1.857639,-9.436777,-0.03698606,-0.2666641,leftEye,0.3920805,-0.6846486,rightEye,0.4419791,-0.8227392
1月25日11:30:59:935,ad82,0.1031246,1.861153,-9.441964,-0.04362295,-0.2644186,leftEye,0.3222994,-0.6252799,rightEye,0.4124337,-0.8078495
1月25日11:31:0:159,ad82,0.09840289,1.860336,-9.444525,-0.03861515,-0.275017,leftEye,0.3538253,-0.6421938,rightEye,0.4217044,-0.8479428
1月25日11:31:0:541,ad82,0.09998396,1.861345,-9.448389,-0.04853582,-0.271817,leftEye,0.3587953,-0.6577982,rightEye,0.4489926,-0.8286123
1月25日11:31:0:959,ad82,0.1078386,1.862257,-9.449759,-0.05955337,-0.2692242,leftEye,0.3504883,-0.729552,rightEye,0.4348776,-0.8604931
1月25日11:31:1:614,ad82,0.1180964,1.862561,-9.45029,-0.06800644,-0.251645,leftEye,0.317325,-0.6925972,rightEye,0.3953531,-0.8487686
1月25日11:31:1:823,ad82,0.1200952,1.86219,-9.450116,-0.07067596,-0.2497671,leftEye,0.329581,-0.6930079,rightEye,0.4085617,-0.8595047
1月25日11:31:4:132,ad82,0.1250516,1.858429,-9.445726,-0.0523373,-0.2561825,leftEye,0.3747072,-0.7109938,rightEye,0.4416064,-0.8583961
1月25日11:31:5:132,ad82,0.1469613,1.878394,-9.467289,-0.1369177,-0.2579935,leftEye,0.2619785,-0.5957763,rightEye,0.3564643,-0.7834265
1月25日11:31:5:919,ad82,0.1519891,1.884424,-9.480002,-0.1664578,-0.2697578,leftEye,0.1808977,-0.5778339,rightEye,0.2511015,-0.7355859
1月25日11:31:6:135,ad82,0.1521321,1.886173,-9.484858,-0.1762409,-0.276423,leftEye,0.1691506,-0.5603287,rightEye,0.2458216,-0.6891671
1月25日11:31:6:366,ad82,0.1530018,1.886982,-9.487312,-0.1811194,-0.281312,leftEye,0.1729779,-0.5621452,rightEye,0.2523297,-0.6912194
1月25日11:31:6:608,ad83,0.1522586,1.887468,-9.488008,-0.1828503,-0.2822791,leftEye,0.1775887,-0.5628821,rightEye,0.2548937,-0.6919168
1月25日11:31:6:853,ad83,0.1523664,1.887376,-9.488779,-0.1832825,-0.283973,leftEye,0.1337982,-0.5314826,rightEye,0.194561,-0.6491623
1月25日11:31:7:90,ad83,0.1518274,1.887676,-9.489359,-0.1837917,-0.2853691,leftEye,0.1294769,-0.5424068,rightEye,0.1996106,-0.6631598
1月25日11:31:9:831,ad83,0.1318716,1.862648,-9.463653,-0.07852447,-0.2906931,leftEye,0.3364656,-0.7392613,rightEye,0.4090575,-0.8817216
1月25日11:31:10:50,ad83,0.1291652,1.863078,-9.460437,-0.07709674,-0.2877463,leftEye,0.3048323,-0.7335056,rightEye,0.4201053,-0.8725842
1月25日11:31:10:320,ad83,0.1294755,1.863014,-9.461951,-0.07879654,-0.2906742,leftEye,0.3080181,-0.7387139,rightEye,0.4129165,-0.8786649
1月25日11:31:10:663,ad83,0.1283674,1.864077,-9.461901,-0.08146776,-0.2898581,leftEye,0.3074524,-0.7455689,rightEye,0.398735,-0.8481934
1月25日11:31:11:510,ad83,0.1279766,1.862544,-9.459609,-0.07586832,-0.287919,leftEye,0.3174019,-0.7445809,rightEye,0.405567,-0.8558124
1月25日11:31:14:502,ad83,0.08079002,1.855888,-9.515605,-0.0294557,-0.5822268,leftEye,0,0,rightEye,-0.1796408,-0.8755153
1月25日11:31:16:487,ad83,0.08318348,1.853976,-9.508419,-0.02209697,-0.5850861,leftEye,0.2694801,-0.7107403,rightEye,0.3863608,-0.8201987
1月25日11:31:16:866,ad83,0.0844086,1.856955,-9.509544,-0.02973777,-0.5860558,leftEye,0.194137,-0.6390194,rightEye,0.2708207,-0.7630491
1月25日11:31:17:505,ad83,0.08681168,1.861999,-9.510229,-0.04544644,-0.5911148,leftEye,0.2685866,-0.5648495,rightEye,0.3456296,-0.6590457
1月25日11:31:17:852,ad83,0.1230582,1.884076,-9.522146,-0.1374821,-0.5465068,leftEye,0.2482238,-0.5631415,rightEye,0.329573,-0.6605567
1月25日11:31:18:220,ad83,0.1410576,1.890472,-9.528098,-0.1695475,-0.5214927,leftEye,0.2386496,-0.5114189,rightEye,0.3016211,-0.60958
1月25日11:31:18:631,ad83,0.1561257,1.901356,-9.531843,-0.2285965,-0.4927421,leftEye,0.148195,-0.5700821,rightEye,0.2162687,-0.6731449
1月25日11:31:19:0,ad83,0.1706609,1.908404,-9.540091,-0.2743511,-0.4791693,leftEye,0.2289107,-0.573998,rightEye,0.3114929,-0.7105011
1月25日11:31:19:338,ad83,0.1807514,1.910071,-9.547035,-0.2911611,-0.4766987,leftEye,0.252429,-0.5643703,rightEye,0.3438458,-0.7105377
1月25日11:31:19:672,ad83,0.183501,1.910849,-9.547712,-0.2966875,-0.4752407,leftEye,0.2449443,-0.575238,rightEye,0.3428071,-0.7167196
1月25日11:31:20:16,ad83,0.1801477,1.908132,-9.550606,-0.2744315,-0.5064623,leftEye,-0.07814699,-0.6278232,rightEye,-0.03787398,-0.7466307
1月25日11:31:28:42,ad84,0.09066857,1.835328,-9.482788,0.04016571,-0.457857,leftEye,0,0,rightEye,-0.3165247,0.3543313
1月25日11:31:29:137,ad84,0.0973295,1.845284,-9.489394,0.007685175,-0.4604077,leftEye,0.2310923,-0.6981759,rightEye,0.341449,-0.8538846
1月25日11:31:29:571,ad84,0.09916086,1.849489,-9.490499,-0.007248708,-0.4595824,leftEye,0.08311403,-0.6541281,rightEye,0.1798279,-0.8146251
1月25日11:31:29:773,ad84,0.1014082,1.851642,-9.492936,-0.01609327,-0.4634032,leftEye,0.08785677,-0.6551158,rightEye,0.1867049,-0.8076277
1月25日11:31:29:982,ad84,0.1016847,1.855127,-9.496331,-0.03098012,-0.4704182,leftEye,-0.01669097,-0.6528591,rightEye,0.04809189,-0.7877669
1月25日11:31:30:191,ad84,0.1001783,1.855573,-9.504133,-0.02097874,-0.5083113,leftEye,-0.01220822,-0.6409763,rightEye,0.05030072,-0.7302648
1月25日11:31:30:421,ad84,0.1023889,1.859021,-9.506145,-0.03854078,-0.511023,leftEye,0.01061583,-0.6507226,rightEye,0.08187068,-0.7823602
1月25日11:31:30:623,ad84,0.106649,1.861037,-9.505396,-0.04765651,-0.5024439,leftEye,0.1868591,-0.6056012,rightEye,0.2658522,-0.7260822
1月25日11:31:31:10,ad84,0.1115284,1.87074,-9.510483,-0.08835126,-0.5038682,leftEye,0.1618618,-0.5780532,rightEye,0.2271142,-0.6945217
1月25日11:31:31:367,ad84,0.1193268,1.878054,-9.514998,-0.1259316,-0.5005487,leftEye,0.09614456,-0.5338223,rightEye,0.1479008,-0.6137707
1月25日11:31:31:575,ad84,0.1251869,1.882984,-9.518809,-0.152252,-0.5023549,leftEye,0.09702623,-0.5816057,rightEye,0.1569765,-0.6650548
1月25日11:31:34:539,ad84,0.1278069,1.864951,-9.477338,-0.0755115,-0.3923101,leftEye,0.7551715,-0.8316712,rightEye,0.7269828,-0.8041568
1月25日11:31:34:752,ad84,0.1282031,1.865332,-9.476492,-0.07667585,-0.3897247,leftEye,0.7541552,-0.7009077,rightEye,0.7054602,-0.8079277
1月25日11:31:34:994,ad84,0.1268923,1.865331,-9.477013,-0.07662196,-0.3903982,leftEye,0.7388545,-0.6852906,rightEye,0.6996083,-0.7855191
1月25日11:31:35:217,ad84,0.1262721,1.865335,-9.47734,-0.07739646,-0.3890404,leftEye,0.725513,-0.6812896,rightEye,0.6894357,-0.7878441
1月25日11:31:35:438,ad84,0.1256713,1.864629,-9.478119,-0.0767429,-0.3907952,leftEye,0,0,rightEye,0.7026758,-0.7911266
1月25日11:31:38:227,ad84,0.1148205,1.853956,-9.478994,-0.02146427,-0.4268174,leftEye,0.304819,-0.4434981,rightEye,0.3955568,-0.5714108
1月25日11:31:38:432,ad84,0.1158732,1.855948,-9.479239,-0.02778533,-0.4238079,leftEye,0.2948794,-0.5290375,rightEye,0.3913465,-0.6519759
1月25日11:31:42:305,ad84,0.09030274,1.854964,-9.514563,0.009700294,-0.6085494,leftEye,0.004883647,-0.6526436,rightEye,0.09410059,-0.8078282
1月25日11:31:42:515,ad84,0.09425558,1.86098,-9.515604,-0.007730921,-0.6064958,leftEye,0.06817734,-0.5837598,rightEye,0.1348594,-0.6542996
1月25日11:31:42:731,ad84,0.1023875,1.868288,-9.517342,-0.03352797,-0.6073478,leftEye,0.04115057,-0.6047163,rightEye,0.1203439,-0.6792597
1月25日11:31:42:955,ad84,0.1104389,1.874821,-9.521919,-0.06191023,-0.6093413,leftEye,0.03993535,-0.5977472,rightEye,0.1146542,-0.6654692
1月25日11:31:43:221,ad84,0.1196696,1.879413,-9.525331,-0.08174711,-0.612836,leftEye,0.05284929,-0.6238756,rightEye,0.122323,-0.6990705
1月25日11:31:43:461,ad84,0.1256945,1.88283,-9.529955,-0.09606747,-0.6212528,leftEye,0.06024027,-0.6041721,rightEye,0.1328604,-0.6786274
1月25日11:31:43:907,ad84,0.1296607,1.8842,-9.536901,-0.09848304,-0.6447246,leftEye,0.09432638,-0.6221803,rightEye,0.1770291,-0.7001925
1月25日11:31:44:153,ad84,0.1307215,1.884716,-9.539492,-0.09995268,-0.6534025,leftEye,-0.01685107,-0.6253214,rightEye,0.03308177,-0.7011505
1月25日11:31:44:404,ad84,0.1319889,1.885166,-9.545031,-0.1013049,-0.6757044,leftEye,-0.0187465,-0.6310631,rightEye,0.0451324,-0.6940031
1月25日11:31:44:673,ad84,0.133449,1.886274,-9.552522,-0.1030731,-0.7051097,leftEye,0.06155217,-0.6358413,rightEye,0.1560928,-0.7286258
1月25日11:31:47:607,ad85,0.1264584,1.885199,-9.548525,-0.05396327,-0.7816041,leftEye,0.05566597,-0.6356671,rightEye,0.1495185,-0.7109168
1月25日11:31:47:813,ad85,0.1298175,1.884448,-9.549288,-0.06555181,-0.7794839,leftEye,0.05548036,-0.6516439,rightEye,0.1653094,-0.7600399
1月25日11:31:48:16,ad85,0.125557,1.881719,-9.545178,-0.07393976,-0.7814409,leftEye,0.0643481,-0.6529686,rightEye,0.1746808,-0.7919266
1月25日11:31:48:224,ad85,0.1242662,1.880115,-9.536409,-0.06709132,-0.7726846,leftEye,0.02937984,-0.6598691,rightEye,0.1579747,-0.7911495
1月25日11:31:49:82,ad85,0.1253963,1.874833,-9.543182,-0.04608547,-0.7961148,leftEye,-0.2905117,-0.8499322,rightEye,-0.1889356,-0.8667599
1月25日11:31:49:423,ad85,0.1274173,1.874094,-9.54818,-0.0389301,-0.8128523,leftEye,-0.1976244,-0.7629279,rightEye,-0.1600769,-0.8955933
1月25日11:31:50:39,ad85,0.12052,1.866261,-9.549293,-0.01715275,-0.8129287,leftEye,0.1770625,-0.7711117,rightEye,0.2909945,-0.8793614
1月25日11:31:50:508,ad85,0.1189147,1.867314,-9.546311,-0.01949003,-0.8086652,leftEye,0.1577893,-0.7650925,rightEye,0.2473375,-0.8762958
1月25日11:31:50:730,ad85,0.1189079,1.866413,-9.544903,-0.0172608,-0.8056101,leftEye,0.3415933,-0.7739913,rightEye,0.4289944,-0.838306
1月25日11:31:50:973,ad85,0.1173028,1.865941,-9.543038,-0.01528186,-0.8025713,leftEye,0.3203996,-0.7621188,rightEye,0.4293495,-0.8544408
1月25日11:31:51:209,ad85,0.1171288,1.866131,-9.543386,-0.01539182,-0.8046176,leftEye,0.1300838,-0.7312475,rightEye,0.2059554,-0.8202853
1月25日11:31:51:507,ad85,0.117796,1.865899,-9.544342,-0.01590927,-0.8065628,leftEye,0.1307098,-0.726112,rightEye,0.2169602,-0.8121616
1月25日11:31:51:788,ad85,0.1171632,1.865836,-9.542865,-0.01467626,-0.8041359,leftEye,0.1050193,-0.7226311,rightEye,0.1935022,-0.7965523
1月25日11:31:52:50,ad85,0.1174821,1.865804,-9.542667,-0.01516788,-0.803876,leftEye,0.1015607,-0.6933579,rightEye,0.1753788,-0.7668359
1月25日11:31:53:187,ad85,0.1248356,1.860818,-9.560495,-0.003430801,-0.8579077,leftEye,0.6558684,-0.7329164,rightEye,0.4792653,-0.7825029
1月25日11:31:53:427,ad85,0.1157942,1.861076,-9.546833,-0.01149517,-0.8066353,leftEye,0.257475,-0.7007897,rightEye,0.3270875,-0.7683865
1月25日11:31:53:735,ad85,0.1120548,1.860237,-9.531203,-0.01722642,-0.7533648,leftEye,0.2111497,-0.6707517,rightEye,0.2738179,-0.7338923
1月25日11:31:53:977,ad85,0.112018,1.860675,-9.528604,-0.01933492,-0.7450161,leftEye,0.1858443,-0.6658231,rightEye,0.2507941,-0.7405212
1月25日11:31:54:225,ad85,0.1112034,1.860888,-9.522087,-0.02023754,-0.7256047,leftEye,0.1428927,-0.68062,rightEye,0.2053958,-0.7457198
1月25日11:31:54:484,ad85,0.1111697,1.860815,-9.515296,-0.02107812,-0.7034001,leftEye,-0.1285872,-0.7121255,rightEye,-0.1081834,-0.7565255
1月25日11:31:54:727,ad85,0.1111879,1.860477,-9.513599,-0.01830191,-0.6991364,leftEye,-0.1512995,-0.7067032,rightEye,-0.1169642,-0.7583996
1月25日11:31:54:963,ad85,0.1109595,1.86166,-9.504842,-0.0276804,-0.660709,leftEye,0.7379931,-0.812674,rightEye,0.6342969,-0.7302057
1月25日11:31:55:210,ad85,0.112754,1.862229,-9.497277,-0.03502024,-0.632993,leftEye,0.4057877,-0.7686973,rightEye,0.4947488,-0.8217713
1月25日11:31:55:457,ad85,0.1123638,1.863924,-9.494934,-0.04492185,-0.6228344,leftEye,0.3252126,-0.7290806,rightEye,0.4438653,-0.8035834
1月25日11:31:56:211,ad85,0.1203208,1.86468,-9.4782,-0.05208145,-0.5632389,leftEye,0.7261559,-0.8178998,rightEye,0.5877085,-0.8199472
1月25日11:31:56:501,ad85,0.1255651,1.864565,-9.469563,-0.05412901,-0.5377046,leftEye,0.568768,-0.7755334,rightEye,0.5338975,-0.8640006
1月25日11:31:58:0,ad85,0.1242494,1.848643,-9.438498,-0.01797137,-0.4268667,leftEye,0.6272196,-0.8437948,rightEye,0.4842144,-0.8559586
1月25日11:31:58:258,ad85,0.122563,1.844618,-9.436089,-0.0005856301,-0.4241049,leftEye,0.2560714,-0.6643512,rightEye,0.3125987,-0.8182358
1月25日11:31:58:523,ad85,0.1198896,1.844195,-9.435298,0.00247967,-0.421712,leftEye,0.2481272,-0.6423711,rightEye,0.3122576,-0.8008788
1月25日11:31:58:760,ad85,0.118779,1.845279,-9.436434,-0.0004740501,-0.4220794,leftEye,0.1616894,-0.6594875,rightEye,0.2058672,-0.7993199
1月25日11:31:59:21,ad85,0.1185534,1.844575,-9.436397,0.004936065,-0.4240204,leftEye,0.2760556,-0.6303476,rightEye,0.3455796,-0.7645051
1月25日11:31:59:265,ad85,0.1189824,1.844407,-9.435439,0.00428102,-0.4211231,leftEye,0.3079075,-0.6356804,rightEye,0.3938897,-0.7924191
1月25日11:31:59:510,ad85,0.1186025,1.844596,-9.435499,0.003575871,-0.4209629,leftEye,0.2374618,-0.6294115,rightEye,0.2938008,-0.7642902
1月25日11:31:59:730,ad85,0.1187914,1.844377,-9.435065,0.004654925,-0.4201368,leftEye,0.2352101,-0.6314808,rightEye,0.2955115,-0.7670728
1月25日11:31:59:943,ad85,0.1190409,1.844708,-9.434746,0.005054522,-0.4203158,leftEye,0.2591859,-0.6386402,rightEye,0.321804,-0.7683645
1月25日11:32:0:230,ad85,0.1193801,1.842731,-9.43255,0.01006918,-0.4124365,leftEye,0.7887139,-0.7736578,rightEye,0.6310657,-0.8392068
1月25日11:32:0:495,ad85,0.1240605,1.842555,-9.432929,0.006524912,-0.3978561,leftEye,0.7390475,-0.814944,rightEye,0.6358228,-0.8606012
1月25日11:32:1:964,ad85,0.1126608,1.83601,-9.442301,0.03736977,-0.4342923,leftEye,-0.02208543,-0.717875,rightEye,0.02987945,-0.8971925
1月25日11:32:2:668,ad85,0.1284479,1.857207,-9.452139,-0.03738069,-0.4395682,leftEye,0.258996,-0.5849042,rightEye,0.3593903,-0.6958243
1月25日11:32:2:910,ad85,0.1285531,1.859986,-9.454677,-0.05120863,-0.4387498,leftEye,0.25815,-0.6021295,rightEye,0.3557916,-0.7025751
1月25日11:32:3:172,ad85,0.1287509,1.862074,-9.45767,-0.06037557,-0.4450629,leftEye,0.2698858,-0.6362399,rightEye,0.3682845,-0.7308322
1月25日11:32:6:489,ad85,0.1243107,1.863966,-9.492112,-0.04449872,-0.5820733,leftEye,-0.09084517,-0.7599492,rightEye,0.01182675,-0.8939147
1月25日11:32:6:700,ad85,0.1225891,1.862879,-9.495243,-0.03932157,-0.5933273,leftEye,-0.06370574,-0.7443525,rightEye,0.02208889,-0.8498732
1月25日11:32:8:133,ad86,0.1120856,1.856735,-9.499346,-0.01879918,-0.6137475,leftEye,-0.06434751,-0.736716,rightEye,0.01265335,-0.8132715
1月25日11:32:8:358,ad86,0.1121389,1.856812,-9.499251,-0.01767372,-0.6135588,leftEye,-0.1287455,-0.7061507,rightEye,-0.08661669,-0.7667238
1月25日11:32:8:606,ad86,0.1125983,1.857651,-9.499722,-0.01671153,-0.617713,leftEye,-0.1268216,-0.7185559,rightEye,-0.08028704,-0.7624472
1月25日11:32:8:914,ad86,0.1133056,1.857842,-9.497238,-0.01970907,-0.6073816,leftEye,0.1552311,-0.7486881,rightEye,0.2380279,-0.8458307
1月25日11:32:9:731,ad86,0.1164891,1.857127,-9.495708,-0.02204672,-0.6031698,leftEye,0.1402069,-0.7537335,rightEye,0.2633138,-0.887298
1月25日11:32:9:911,ad86,0.1166761,1.857296,-9.494482,-0.02106891,-0.601988,leftEye,0.38923,-0.7141646,rightEye,0.458992,-0.8405304
1月25日11:32:10:305,ad86,0.1149807,1.85787,-9.493751,-0.02512275,-0.5931132,leftEye,0.7275211,-0.7875851,rightEye,0.6974173,-0.8088077
1月25日11:32:11:553,ad86,0.1065145,1.846412,-9.487306,0.01980269,-0.5762041,leftEye,0.7449582,-0.8243365,rightEye,0.5736073,-0.7929267
1月25日11:32:11:950,ad86,0.1138949,1.849517,-9.473943,-0.0008666227,-0.5227463,leftEye,0.7537881,-0.776709,rightEye,0.6279967,-0.8291867
1月25日11:32:13:216,ad86,0.1199552,1.852951,-9.461122,-0.02167345,-0.4711895,leftEye,0.7184174,-0.7561225,rightEye,0.5765398,-0.7677522
1月25日11:32:13:428,ad86,0.1196188,1.853205,-9.462019,-0.02202557,-0.4724829,leftEye,0.7694046,-0.7719132,rightEye,0.5909158,-0.773945
1月25日11:32:13:824,ad86,0.1209844,1.851804,-9.460391,-0.02047297,-0.4566701,leftEye,0.7546784,-0.801085,rightEye,0.6580826,-0.8612763
1月25日11:32:14:262,ad86,0.1301814,1.850518,-9.461415,-0.02419464,-0.4187393,leftEye,0.3109725,-0.5784411,rightEye,0.4151657,-0.7398348
1月25日11:32:21:625,ad86,0.2320184,1.84598,-9.47147,-0.01880924,-0.05540488,leftEye,0.4211252,-0.6136676,rightEye,0.5758458,-0.8214284
1月25日11:32:22:720,ad86,0.229867,1.863619,-9.48802,-0.0963337,-0.07087715,leftEye,0.229494,-0.501545,rightEye,0.3269413,-0.655607
1月25日11:32:22:950,ad86,0.2289056,1.865221,-9.49168,-0.1051297,-0.07663388,leftEye,0.2516767,-0.5203339,rightEye,0.359267,-0.6908778
1月25日11:32:23:197,ad86,0.2288913,1.866523,-9.493419,-0.110762,-0.07764636,leftEye,0.366058,-0.6182656,rightEye,0.4594814,-0.8105105
1月25日11:32:25:969,ad86,0.179119,1.864702,-9.501642,-0.09853318,-0.1916164,leftEye,0.07091415,-0.6872745,rightEye,0.1552153,-0.8659672
1月25日11:32:28:946,ad87,0.1204818,1.847572,-9.473366,-0.08387731,-0.2453476,leftEye,0.2682909,-0.6993911,rightEye,0.4095531,-0.8316919
1月25日11:32:29:543,ad87,0.1241449,1.849387,-9.474344,-0.08846602,-0.2463318,leftEye,0.2360833,-0.7115428,rightEye,0.3722976,-0.807374
1月25日11:32:29:826,ad87,0.1214363,1.852768,-9.478857,-0.09180077,-0.2676545,leftEye,0.1617182,-0.6740088,rightEye,0.2521399,-0.8240509
1月25日11:32:30:74,ad87,0.1167205,1.853038,-9.484052,-0.08488458,-0.3028801,leftEye,-0.05615294,-0.6925157,rightEye,0.004175425,-0.8450834
1月25日11:32:30:301,ad87,0.1203979,1.85578,-9.484577,-0.09684411,-0.2935939,leftEye,0.1962851,-0.5818467,rightEye,0.2716303,-0.7056547
1月25日11:32:30:558,ad87,0.1193693,1.857367,-9.484284,-0.1011524,-0.2865339,leftEye,0.188049,-0.5938209,rightEye,0.2691497,-0.7178313
1月25日11:32:30:787,ad87,0.1268309,1.861289,-9.482221,-0.1203786,-0.2581144,leftEye,0.3425442,-0.6122648,rightEye,0.4537393,-0.7614087
1月25日11:32:31:53,ad87,0.1324549,1.866199,-9.482116,-0.141803,-0.2363902,leftEye,0.3319267,-0.4904716,rightEye,0.3969482,-0.626086
1月25日11:32:31:302,ad87,0.1332338,1.871349,-9.486557,-0.1664717,-0.2368762,leftEye,0.3223611,-0.5377007,rightEye,0.4223169,-0.6956233
1月25日11:32:31:558,ad87,0.1374797,1.870087,-9.487235,-0.1634987,-0.2384412,leftEye,0.2692243,-0.5043161,rightEye,0.3405447,-0.6276416
1月25日11:32:31:764,ad87,0.1401098,1.869196,-9.486666,-0.1605984,-0.2372778,leftEye,0.2701814,-0.501601,rightEye,0.3439038,-0.6244164
1月25日11:32:32:47,ad87,0.1371082,1.866475,-9.486536,-0.150212,-0.2371631,leftEye,0.3072598,-0.5020595,rightEye,0.3973801,-0.6299405
1月25日11:32:32:286,ad87,0.1369178,1.862769,-9.485056,-0.1296909,-0.2340781,leftEye,0.3154922,-0.4696689,rightEye,0.3918581,-0.5948765
1月25日11:32:34:525,ad87,0.1832532,1.83752,-9.413091,0.01293051,-0.06917762,leftEye,0.724797,-0.7995039,rightEye,0.6239978,-0.7290847
1月25日11:32:36:509,ad87,0.1725979,1.841346,-9.425568,0.009961698,-0.1517127,leftEye,0.1604161,-0.676374,rightEye,0.2435852,-0.8670774
1月25日11:32:36:732,ad87,0.1636262,1.843659,-9.435075,-0.0006811767,-0.2013397,leftEye,0.01646185,-0.5168352,rightEye,0.05474806,-0.6005867
1月25日11:32:36:953,ad87,0.1466138,1.846362,-9.449912,-0.00475013,-0.2535965,leftEye,-0.007454157,-0.5513421,rightEye,0.02913272,-0.633454
1月25日11:32:37:171,ad87,0.1247632,1.851408,-9.470241,-0.01324759,-0.3369776,leftEye,-0.1306365,-0.6865137,rightEye,-0.06089568,-0.7971252
1月25日11:32:37:440,ad87,0.1180226,1.853905,-9.483086,-0.01920747,-0.3882053,leftEye,-0.02313715,-0.6581018,rightEye,0.01988149,-0.7675594
1月25日11:32:37:676,ad87,0.1179978,1.855896,-9.488686,-0.02955127,-0.4036749,leftEye,0.01305926,-0.6674881,rightEye,0.09096074,-0.8238696
1月25日11:32:37:920,ad87,0.120096,1.855458,-9.492496,-0.03507302,-0.4157428,leftEye,-0.1216651,-0.6504093,rightEye,-0.08223081,-0.7207233
1月25日11:32:38:188,ad87,0.1199062,1.856749,-9.497448,-0.04115437,-0.4330868,leftEye,-0.1905689,-0.6288214,rightEye,-0.1662624,-0.6990442
1月25日11:32:38:451,ad87,0.1201506,1.8569,-9.497308,-0.03785601,-0.4394649,leftEye,-0.188284,-0.6288579,rightEye,-0.1500522,-0.7036325
1月25日11:32:43:637,ad87,0.08963682,1.842224,-9.555273,0.01477899,-0.696273,leftEye,0.1435192,-0.8334394,rightEye,0.2281244,-0.842085
1月25日11:32:43:850,ad87,0.0918746,1.845132,-9.559541,0.001028007,-0.7083603,leftEye,0,0,rightEye,0.2309778,-0.8416589
1月25日11:32:44:73,ad87,0.09339635,1.848177,-9.561945,-0.01011495,-0.712146,leftEye,0.1661122,-0.8493701,rightEye,0.2314379,-0.8374262
1月25日11:32:44:287,ad87,0.09539638,1.850898,-9.565027,-0.01930101,-0.7190772,leftEye,0,0,rightEye,0.1818808,-0.8392847
1月25日11:32:44:985,ad87,0.1001817,1.857779,-9.575843,-0.05015974,-0.7424868,leftEye,0.1013373,-0.8171234,rightEye,0.1946832,-0.8067138
1月25日11:32:45:217,ad87,0.1027139,1.862511,-9.578517,-0.07476166,-0.74685,leftEye,0.04739273,-0.6888514,rightEye,0.1401883,-0.7780474
1月25日11:32:45:467,ad87,0.1046944,1.863315,-9.58223,-0.07932098,-0.7545531,leftEye,0.06975627,-0.6974206,rightEye,0.1718467,-0.8352904
1月25日11:32:45:681,ad87,0.1054503,1.864512,-9.584346,-0.08214067,-0.7612892,leftEye,0.07515502,-0.7049477,rightEye,0.1736091,-0.8456002
1月25日11:32:45:950,ad87,0.1073048,1.866916,-9.586042,-0.08907909,-0.7652549,leftEye,0.0518086,-0.6411197,rightEye,0.1350315,-0.7269696
1月25日11:32:46:213,ad87,0.1083633,1.870582,-9.584477,-0.1034483,-0.7588047,leftEye,0.2375228,-0.6367428,rightEye,0.3472971,-0.7392999
1月25日11:32:46:461,ad87,0.1139538,1.871359,-9.583513,-0.1101532,-0.7565491,leftEye,0.2291901,-0.6615448,rightEye,0.3419845,-0.769783
1月25日11:32:46:691,ad87,0.1145269,1.872507,-9.583895,-0.1144307,-0.7556194,leftEye,0.2229321,-0.6675235,rightEye,0.3392515,-0.8066102
1月25日11:32:47:373,ad87,0.1183488,1.875544,-9.591688,-0.113482,-0.7801597,leftEye,-0.02481127,-0.7171589,rightEye,0.0646069,-0.8288202
1月25日11:32:47:578,ad87,0.1187303,1.875096,-9.59509,-0.1050438,-0.7969489,leftEye,0.01617157,-0.7266665,rightEye,0.1069167,-0.8237263
